<?xml version="1.0" encoding="UTF-8"?>
<!-- Generated by org.testng.reporters.JUnitXMLReporter -->
<testsuite ignored="0" hostname="nbissametova-n" failures="1" tests="2" name="Error Validations Test" time="15.484" errors="0" timestamp="2024-02-26T13:06:43 ALMT">
  <testcase classname="nazerke.ErrorValidations" name="loginError" time="1.25">
    <skipped/>
  </testcase> <!-- loginError -->
  <testcase classname="nazerke.ErrorValidations" name="loginError" time="1.105">
    <failure type="java.lang.AssertionError" message="expected [Incorrect email or password.] but found [Incorrect email or password]">
      <![CDATA[java.lang.AssertionError: expected [Incorrect email or password.] but found [Incorrect email or password]
at nazerke.ErrorValidations.loginError(ErrorValidations.java:15)
at java.base/java.util.ArrayList.forEach(ArrayList.java:1511)
at java.base/java.util.concurrent.FutureTask.run(FutureTask.java:264)
at java.base/java.util.concurrent.ThreadPoolExecutor.runWorker(ThreadPoolExecutor.java:1136)
at java.base/java.util.concurrent.ThreadPoolExecutor$Worker.run(ThreadPoolExecutor.java:635)
at java.base/java.lang.Thread.run(Thread.java:840)
... Removed 24 stack frames]]>
    </failure>
  </testcase> <!-- loginError -->
</testsuite> <!-- Error Validations Test -->
